Fri Apr 21 01:59:25 2023
Windows-10-10.0.19041
Ren'Py 7.5.3.22090809
 

Bootstrap to the start of init.init took 0.13s
Early init took 0.01s
Loader init took 0.06s
Loading error handling took 0.06s
Loading script took 6.91s
Loading save slot metadata. took 0.04s
Loading persistent took 0.00s
Faled to initialize steam: WindowsError(126, 'The specified module could not be found')
Running init code took 0.61s
Loading analysis data took 0.06s
Analyze and compile ATL took 0.13s
Index archives took 0.00s
Backing up script files to 'C:\\Users\\Noah\\AppData\\Roaming/RenPy/backups\\Our-current-project-1':
Dump and make backups. took 0.14s
Cleaning cache took 0.00s
Making clean stores took 0.00s
Initial gc. took 0.18s
DPI scale factor: 1.000000
nvdrs: Loaded, about to disable thread optimizations.
nvdrs: "Couldn't load nvlib." (can be ignored)
Creating interface object took 0.01s
Cleaning stores took 0.00s
Init translation took 0.17s
Build styles took 0.01s
Load screen analysis took 0.01s
Analyze screens took 0.02s
Save screen analysis took 0.05s
Prepare screens took 0.11s
Save pyanalysis. took 0.00s
Save bytecode. took 0.20s
Running _start took 0.04s
Performance test:
Interface start took 0.20s

Initializing gl2 renderer:
primary display bounds: (0, 0, 1366, 768)
swap interval: 1 frames
Fullscreen mode.
Vendor: 'Intel'
Renderer: 'Intel(R) HD Graphics 4400'
Version: '4.3.0 - Build 20.19.15.5126'
Display Info: None
Screen sizes: virtual=(1280, 720) physical=(1366, 768) drawable=(1366, 768)
Maximum texture size: 4096x4096

Full traceback:
  File "game/chapter-0.rpy", line 1, in script
    label Test:
  File "renpy/ast.py", line 1782, in execute
    next_node(renpy.game.context().lookup_return(pop=True))
  File "renpy/execution.py", line 726, in lookup_return
    raise Exception("Could not find return label {!r}.".format(self.return_stack[-1]))
Exception: Could not find return label (u'game/script.rpy', 1681886706, 31).

While running game code:
  File "game/chapter-0.rpy", line 1, in script
    label Test:
Exception: Could not find return label (u'game/script.rpy', 1681886706, 31).
